WARNING 2025-10-02 08:45:02,573 log Not Found: /static/admin/css/base.css
WARNING 2025-10-02 08:45:02,587 log Not Found: /static/admin/css/dark_mode.css
WARNING 2025-10-02 08:45:02,596 log Not Found: /static/admin/css/nav_sidebar.css
WARNING 2025-10-02 08:45:02,605 log Not Found: /static/admin/css/login.css
WARNING 2025-10-02 08:45:02,615 log Not Found: /static/admin/css/responsive.css
WARNING 2025-10-02 08:45:02,624 log Not Found: /static/admin/js/theme.js
WARNING 2025-10-02 08:45:02,635 log Not Found: /static/admin/js/nav_sidebar.js
WARNING 2025-10-02 08:45:02,806 log Not Found: /favicon.ico
WARNING 2025-10-02 08:45:08,241 log Not Found: /static/admin/css/base.css
WARNING 2025-10-02 08:45:08,250 log Not Found: /static/admin/css/dark_mode.css
WARNING 2025-10-02 08:45:08,259 log Not Found: /static/admin/css/nav_sidebar.css
WARNING 2025-10-02 08:45:08,269 log Not Found: /static/admin/css/login.css
WARNING 2025-10-02 08:45:08,278 log Not Found: /static/admin/css/responsive.css
WARNING 2025-10-02 08:45:08,289 log Not Found: /static/admin/js/theme.js
WARNING 2025-10-02 08:45:08,300 log Not Found: /static/admin/js/nav_sidebar.js
WARNING 2025-10-02 08:45:16,870 log Not Found: /static/admin/css/base.css
WARNING 2025-10-02 08:45:16,879 log Not Found: /static/admin/css/dark_mode.css
WARNING 2025-10-02 08:45:16,888 log Not Found: /static/admin/css/nav_sidebar.css
WARNING 2025-10-02 08:45:16,897 log Not Found: /static/admin/css/login.css
WARNING 2025-10-02 08:45:16,906 log Not Found: /static/admin/css/responsive.css
WARNING 2025-10-02 08:45:16,917 log Not Found: /static/admin/js/theme.js
WARNING 2025-10-02 08:45:16,926 log Not Found: /static/admin/js/nav_sidebar.js
WARNING 2025-10-02 08:45:31,202 log Not Found: /static/admin/css/base.css
WARNING 2025-10-02 08:45:31,211 log Not Found: /static/admin/css/dark_mode.css
WARNING 2025-10-02 08:45:31,220 log Not Found: /static/admin/css/nav_sidebar.css
WARNING 2025-10-02 08:45:31,228 log Not Found: /static/admin/css/login.css
WARNING 2025-10-02 08:45:31,237 log Not Found: /static/admin/css/responsive.css
WARNING 2025-10-02 08:45:31,247 log Not Found: /static/admin/js/theme.js
WARNING 2025-10-02 08:45:31,256 log Not Found: /static/admin/js/nav_sidebar.js
WARNING 2025-10-02 08:47:46,677 log Not Found: /static/admin/css/base.css
WARNING 2025-10-02 08:47:46,687 log Not Found: /static/admin/css/dark_mode.css
WARNING 2025-10-02 08:47:46,697 log Not Found: /static/admin/css/nav_sidebar.css
WARNING 2025-10-02 08:47:46,707 log Not Found: /static/admin/css/login.css
WARNING 2025-10-02 08:47:46,719 log Not Found: /static/admin/css/responsive.css
WARNING 2025-10-02 08:47:46,734 log Not Found: /static/admin/js/theme.js
WARNING 2025-10-02 08:47:46,747 log Not Found: /static/admin/js/nav_sidebar.js
WARNING 2025-10-02 08:48:00,284 log Not Found: /static/admin/css/base.css
WARNING 2025-10-02 08:48:00,294 log Not Found: /static/admin/css/dark_mode.css
WARNING 2025-10-02 08:48:00,302 log Not Found: /static/admin/css/nav_sidebar.css
WARNING 2025-10-02 08:48:00,311 log Not Found: /static/admin/css/login.css
WARNING 2025-10-02 08:48:00,320 log Not Found: /static/admin/css/responsive.css
WARNING 2025-10-02 08:48:00,330 log Not Found: /static/admin/js/theme.js
WARNING 2025-10-02 08:48:00,341 log Not Found: /static/admin/js/nav_sidebar.js
WARNING 2025-10-02 08:48:08,997 log Not Found: /static/admin/css/base.css
WARNING 2025-10-02 08:48:09,006 log Not Found: /static/admin/css/dark_mode.css
WARNING 2025-10-02 08:48:09,016 log Not Found: /static/admin/css/login.css
WARNING 2025-10-02 08:48:09,027 log Not Found: /static/admin/css/nav_sidebar.css
WARNING 2025-10-02 08:48:09,035 log Not Found: /static/admin/css/responsive.css
WARNING 2025-10-02 08:48:09,046 log Not Found: /static/admin/js/theme.js
WARNING 2025-10-02 08:48:09,055 log Not Found: /static/admin/js/nav_sidebar.js
WARNING 2025-10-02 08:48:12,535 log Not Found: /static/admin/css/base.css
WARNING 2025-10-02 08:48:12,544 log Not Found: /static/admin/css/dark_mode.css
WARNING 2025-10-02 08:48:12,553 log Not Found: /static/admin/css/nav_sidebar.css
WARNING 2025-10-02 08:48:12,562 log Not Found: /static/admin/css/login.css
WARNING 2025-10-02 08:48:12,572 log Not Found: /static/admin/css/responsive.css
WARNING 2025-10-02 08:48:12,582 log Not Found: /static/admin/js/theme.js
WARNING 2025-10-02 08:48:12,590 log Not Found: /static/admin/js/nav_sidebar.js
WARNING 2025-10-02 08:48:13,942 log Not Found: /static/admin/css/base.css
WARNING 2025-10-02 08:48:13,951 log Not Found: /static/admin/css/dark_mode.css
WARNING 2025-10-02 08:48:13,959 log Not Found: /static/admin/css/nav_sidebar.css
WARNING 2025-10-02 08:48:13,968 log Not Found: /static/admin/css/login.css
WARNING 2025-10-02 08:48:13,977 log Not Found: /static/admin/css/responsive.css
WARNING 2025-10-02 08:48:13,986 log Not Found: /static/admin/js/theme.js
WARNING 2025-10-02 08:48:13,996 log Not Found: /static/admin/js/nav_sidebar.js
WARNING 2025-10-02 08:51:18,592 log Not Found: /static/admin/css/base.css
WARNING 2025-10-02 08:51:18,601 log Not Found: /static/admin/css/dark_mode.css
WARNING 2025-10-02 08:51:18,609 log Not Found: /static/admin/css/nav_sidebar.css
WARNING 2025-10-02 08:51:18,618 log Not Found: /static/admin/css/login.css
WARNING 2025-10-02 08:51:18,628 log Not Found: /static/admin/css/responsive.css
WARNING 2025-10-02 08:51:18,637 log Not Found: /static/admin/js/theme.js
WARNING 2025-10-02 08:51:18,648 log Not Found: /static/admin/js/nav_sidebar.js
